============================================================================================== 
Warning! Mixing Conda and module environments may lead to corruption of the
user environment. 
We do not recommend users mixing those two environments unless absolutely
necessary. Note that 
SURF does not provide any support for Conda environment.
For more information, please refer to our software policy page:
https://servicedesk.surf.nl/wiki/display/WIKI/Software+policy+Snellius+and+Lisa#SoftwarepolicySnelliusandLisa-UseofAnacondaandMinicondaenvironmentsonSnellius 

Remember that many packages have already been installed on the system and can
be loaded using 
the 'module load <package__name>' command. If you are uncertain if a package is
already available 
on the system, please use 'module avail' or 'module spider' to search for it.
============================================================================================== 
Found existing installation: AL-cleaning 1.0
Uninstalling AL-cleaning-1.0:
  Successfully uninstalled AL-cleaning-1.0
Obtaining file:///gpfs/home6/scur1936/al-label-cleaning
  Preparing metadata (setup.py): started
  Preparing metadata (setup.py): finished with status 'done'
Installing collected packages: AL-cleaning
  Running setup.py develop for AL-cleaning
Successfully installed AL-cleaning-1.0
[nltk_data] Downloading package wordnet to /home/scur1936/nltk_data...
[nltk_data]   Package wordnet is already up-to-date!
root: INFO   Preparing dataset: CUB (N=8251)
root: INFO   Class distribution (%) (true labels): [0.43631075 0.64234638 0.50902921 0.44843049 0.36359229 0.41207126
 0.44843049 0.41207126 0.54538844 0.47266998 0.48478972 0.48478972
 0.50902921 0.53326869 0.42419101 0.53326869 0.50902921 0.37571203
 0.50902921 0.50902921 0.49690947 0.43631075 0.48478972 0.50902921
 0.52114895 0.52114895 0.42419101 0.49690947 0.54538844 0.48478972
 0.44843049 0.48478972 0.52114895 0.47266998 0.49690947 0.54538844
 0.54538844 0.43631075 0.52114895 0.53326869 0.44843049 0.43631075
 0.6181069  0.50902921 0.48478972 0.50902921 0.54538844 0.43631075
 0.48478972 0.54538844 0.47266998 0.39995152 0.6181069  0.50902921
 0.46055024 0.59386741 0.33935281 0.43631075 0.49690947 0.43631075
 0.52114895 0.60598715 0.56962792 0.46055024 0.58174767 0.35147255
 0.49690947 0.50902921 0.52114895 0.48478972 0.47266998 0.50902921
 0.39995152 0.55750818 0.55750818 0.49690947 0.55750818 0.42419101
 0.56962792 0.50902921 0.43631075 0.44843049 0.58174767 0.43631075
 0.47266998 0.58174767 0.52114895 0.53326869 0.48478972 0.49690947
 0.59386741 0.46055024 0.53326869 0.50902921 0.41207126 0.59386741
 0.48478972 0.6181069  0.49690947 0.41207126 0.42419101 0.48478972
 0.52114895 0.44843049 0.44843049 0.58174767 0.54538844 0.6181069
 0.44843049 0.52114895 0.49690947 0.49690947 0.52114895 0.53326869
 0.49690947 0.52114895 0.44843049 0.31511332 0.48478972 0.49690947
 0.46055024 0.48478972 0.46055024 0.55750818 0.60598715 0.42419101
 0.47266998 0.38783178 0.55750818 0.55750818 0.47266998 0.58174767
 0.64234638 0.54538844 0.59386741 0.64234638 0.47266998 0.41207126
 0.59386741 0.46055024 0.38783178 0.52114895 0.65446613 0.56962792
 0.52114895 0.49690947 0.47266998 0.50902921 0.54538844 0.55750818
 0.55750818 0.42419101 0.53326869 0.50902921 0.59386741 0.43631075
 0.53326869 0.47266998 0.46055024 0.44843049 0.52114895 0.44843049
 0.69082535 0.60598715 0.43631075 0.42419101 0.6181069  0.47266998
 0.49690947 0.55750818 0.48478972 0.47266998 0.49690947 0.47266998
 0.54538844 0.39995152 0.56962792 0.47266998 0.44843049 0.50902921
 0.46055024 0.36359229 0.60598715 0.46055024 0.53326869 0.48478972
 0.58174767 0.56962792 0.50902921 0.41207126 0.53326869 0.39995152
 0.56962792 0.46055024 0.60598715 0.47266998 0.36359229 0.63022664
 0.39995152 0.46055024]
root: INFO   Ambiguous mislabeled cases: 0.012119743061447098%
root: INFO   Clear mislabeled cases: 39.89819415828384%

root: INFO   Preparing dataset: CUB (N=3537)
root: INFO   Class distribution (%) (true labels): [0.48063331 0.36754312 0.48063331 0.65026859 0.33927057 0.48063331
 0.25445293 0.36754312 0.67854114 0.45236076 0.31099802 0.56545095
 0.50890585 0.45236076 0.50890585 0.5371784  0.42408821 0.42408821
 0.45236076 0.48063331 0.59372349 0.56545095 0.31099802 0.5371784
 0.45236076 0.48063331 0.70681368 0.50890585 0.50890585 0.48063331
 0.39581566 0.50890585 0.56545095 0.5371784  0.56545095 0.42408821
 0.45236076 0.50890585 0.70681368 0.45236076 0.42408821 0.45236076
 0.5371784  0.50890585 0.56545095 0.50890585 0.56545095 0.5371784
 0.56545095 0.59372349 0.48063331 0.42408821 0.5371784  0.59372349
 0.5371784  0.70681368 0.50890585 0.62199604 0.5371784  0.36754312
 0.5371784  0.48063331 0.48063331 0.59372349 0.39581566 0.48063331
 0.67854114 0.31099802 0.5371784  0.56545095 0.59372349 0.50890585
 0.65026859 0.39581566 0.42408821 0.5371784  0.56545095 0.50890585
 0.5371784  0.48063331 0.5371784  0.56545095 0.42408821 0.48063331
 0.59372349 0.33927057 0.48063331 0.45236076 0.59372349 0.50890585
 0.31099802 0.62199604 0.45236076 0.50890585 0.39581566 0.31099802
 0.42408821 0.70681368 0.5371784  0.56545095 0.59372349 0.56545095
 0.48063331 0.65026859 0.33927057 0.33927057 0.28272547 0.36754312
 0.65026859 0.48063331 0.50890585 0.56545095 0.39581566 0.28272547
 0.76335878 0.5371784  0.33927057 0.42408821 0.50890585 0.39581566
 0.5371784  0.50890585 0.50890585 0.56545095 0.56545095 0.48063331
 0.45236076 0.56545095 0.5371784  0.5371784  0.5371784  0.73508623
 0.5371784  0.42408821 0.36754312 0.56545095 0.56545095 0.31099802
 0.42408821 0.50890585 0.50890585 0.42408821 0.45236076 0.45236076
 0.62199604 0.39581566 0.50890585 0.45236076 0.39581566 0.39581566
 0.39581566 0.42408821 0.59372349 0.31099802 0.48063331 0.48063331
 0.50890585 0.59372349 0.59372349 0.70681368 0.56545095 0.42408821
 0.48063331 0.50890585 0.42408821 0.50890585 0.65026859 0.59372349
 0.62199604 0.48063331 0.5371784  0.48063331 0.56545095 0.50890585
 0.45236076 0.62199604 0.70681368 0.42408821 0.45236076 0.36754312
 0.56545095 0.48063331 0.48063331 0.42408821 0.50890585 0.50890585
 0.5371784  0.33927057 0.42408821 0.42408821 0.56545095 0.5371784
 0.56545095 0.62199604 0.73508623 0.45236076 0.45236076 0.39581566
 0.45236076 0.62199604]
root: INFO   Ambiguous mislabeled cases: 0.05654509471303364%
root: INFO   Clear mislabeled cases: 39.468476109697484%

root: INFO   Training dataset size N=8251
root: INFO   Validation dataset size N=3537
root: INFO   
root: INFO   Loading curated labels from HDF5 file: /gpfs/home6/scur1936/al-label-cleaning/logs/main_simulation_benchmark/SelectorResults/cub_noise_20/vanilla_model_from_scratch/PosteriorBasedSelectorJoint/val/seed_12/simulator_output.hdf
root: INFO   Number of relabels: 1398
root: INFO   Selector used in relabelling: Vanilla (With entropy)
root: INFO   Label accuracy: 72.51908396946565
root: INFO   
root: INFO   Loading curated labels from HDF5 file: /gpfs/home6/scur1936/al-label-cleaning/logs/main_simulation_benchmark/SelectorResults/cub_noise_20/vanilla_model_from_scratch/PosteriorBasedSelectorJoint/val/seed_1/simulator_output.hdf
root: INFO   Number of relabels: 1398
root: INFO   Selector used in relabelling: Vanilla (With entropy)
root: INFO   Label accuracy: 72.49081142210913
root: INFO   
root: INFO   Loading curated labels from HDF5 file: /gpfs/home6/scur1936/al-label-cleaning/logs/main_simulation_benchmark/SelectorResults/cub_noise_20/vanilla_model_from_scratch/PosteriorBasedSelectorJoint/val/seed_123/simulator_output.hdf
root: INFO   Number of relabels: 1398
root: INFO   Selector used in relabelling: Vanilla (With entropy)
root: INFO   Label accuracy: 72.23635849590048
root: INFO   Preparing dataset: CUB (N=8251)
root: INFO   Class distribution (%) (true labels): [0.43631075 0.64234638 0.50902921 0.44843049 0.36359229 0.41207126
 0.44843049 0.41207126 0.54538844 0.47266998 0.48478972 0.48478972
 0.50902921 0.53326869 0.42419101 0.53326869 0.50902921 0.37571203
 0.50902921 0.50902921 0.49690947 0.43631075 0.48478972 0.50902921
 0.52114895 0.52114895 0.42419101 0.49690947 0.54538844 0.48478972
 0.44843049 0.48478972 0.52114895 0.47266998 0.49690947 0.54538844
 0.54538844 0.43631075 0.52114895 0.53326869 0.44843049 0.43631075
 0.6181069  0.50902921 0.48478972 0.50902921 0.54538844 0.43631075
 0.48478972 0.54538844 0.47266998 0.39995152 0.6181069  0.50902921
 0.46055024 0.59386741 0.33935281 0.43631075 0.49690947 0.43631075
 0.52114895 0.60598715 0.56962792 0.46055024 0.58174767 0.35147255
 0.49690947 0.50902921 0.52114895 0.48478972 0.47266998 0.50902921
 0.39995152 0.55750818 0.55750818 0.49690947 0.55750818 0.42419101
 0.56962792 0.50902921 0.43631075 0.44843049 0.58174767 0.43631075
 0.47266998 0.58174767 0.52114895 0.53326869 0.48478972 0.49690947
 0.59386741 0.46055024 0.53326869 0.50902921 0.41207126 0.59386741
 0.48478972 0.6181069  0.49690947 0.41207126 0.42419101 0.48478972
 0.52114895 0.44843049 0.44843049 0.58174767 0.54538844 0.6181069
 0.44843049 0.52114895 0.49690947 0.49690947 0.52114895 0.53326869
 0.49690947 0.52114895 0.44843049 0.31511332 0.48478972 0.49690947
 0.46055024 0.48478972 0.46055024 0.55750818 0.60598715 0.42419101
 0.47266998 0.38783178 0.55750818 0.55750818 0.47266998 0.58174767
 0.64234638 0.54538844 0.59386741 0.64234638 0.47266998 0.41207126
 0.59386741 0.46055024 0.38783178 0.52114895 0.65446613 0.56962792
 0.52114895 0.49690947 0.47266998 0.50902921 0.54538844 0.55750818
 0.55750818 0.42419101 0.53326869 0.50902921 0.59386741 0.43631075
 0.53326869 0.47266998 0.46055024 0.44843049 0.52114895 0.44843049
 0.69082535 0.60598715 0.43631075 0.42419101 0.6181069  0.47266998
 0.49690947 0.55750818 0.48478972 0.47266998 0.49690947 0.47266998
 0.54538844 0.39995152 0.56962792 0.47266998 0.44843049 0.50902921
 0.46055024 0.36359229 0.60598715 0.46055024 0.53326869 0.48478972
 0.58174767 0.56962792 0.50902921 0.41207126 0.53326869 0.39995152
 0.56962792 0.46055024 0.60598715 0.47266998 0.36359229 0.63022664
 0.39995152 0.46055024]
root: INFO   Ambiguous mislabeled cases: 0.012119743061447098%
root: INFO   Clear mislabeled cases: 39.89819415828384%

root: INFO   Preparing dataset: CUB (N=3537)
root: INFO   Class distribution (%) (true labels): [0.48063331 0.36754312 0.48063331 0.65026859 0.33927057 0.48063331
 0.25445293 0.36754312 0.67854114 0.45236076 0.31099802 0.56545095
 0.50890585 0.45236076 0.50890585 0.5371784  0.42408821 0.42408821
 0.45236076 0.48063331 0.59372349 0.56545095 0.31099802 0.5371784
 0.45236076 0.48063331 0.70681368 0.50890585 0.50890585 0.48063331
 0.39581566 0.50890585 0.56545095 0.5371784  0.56545095 0.42408821
 0.45236076 0.50890585 0.70681368 0.45236076 0.42408821 0.45236076
 0.5371784  0.50890585 0.56545095 0.50890585 0.56545095 0.5371784
 0.56545095 0.59372349 0.48063331 0.42408821 0.5371784  0.59372349
 0.5371784  0.70681368 0.50890585 0.62199604 0.5371784  0.36754312
 0.5371784  0.48063331 0.48063331 0.59372349 0.39581566 0.48063331
 0.67854114 0.31099802 0.5371784  0.56545095 0.59372349 0.50890585
 0.65026859 0.39581566 0.42408821 0.5371784  0.56545095 0.50890585
 0.5371784  0.48063331 0.5371784  0.56545095 0.42408821 0.48063331
 0.59372349 0.33927057 0.48063331 0.45236076 0.59372349 0.50890585
 0.31099802 0.62199604 0.45236076 0.50890585 0.39581566 0.31099802
 0.42408821 0.70681368 0.5371784  0.56545095 0.59372349 0.56545095
 0.48063331 0.65026859 0.33927057 0.33927057 0.28272547 0.36754312
 0.65026859 0.48063331 0.50890585 0.56545095 0.39581566 0.28272547
 0.76335878 0.5371784  0.33927057 0.42408821 0.50890585 0.39581566
 0.5371784  0.50890585 0.50890585 0.56545095 0.56545095 0.48063331
 0.45236076 0.56545095 0.5371784  0.5371784  0.5371784  0.73508623
 0.5371784  0.42408821 0.36754312 0.56545095 0.56545095 0.31099802
 0.42408821 0.50890585 0.50890585 0.42408821 0.45236076 0.45236076
 0.62199604 0.39581566 0.50890585 0.45236076 0.39581566 0.39581566
 0.39581566 0.42408821 0.59372349 0.31099802 0.48063331 0.48063331
 0.50890585 0.59372349 0.59372349 0.70681368 0.56545095 0.42408821
 0.48063331 0.50890585 0.42408821 0.50890585 0.65026859 0.59372349
 0.62199604 0.48063331 0.5371784  0.48063331 0.56545095 0.50890585
 0.45236076 0.62199604 0.70681368 0.42408821 0.45236076 0.36754312
 0.56545095 0.48063331 0.48063331 0.42408821 0.50890585 0.50890585
 0.5371784  0.33927057 0.42408821 0.42408821 0.56545095 0.5371784
 0.56545095 0.62199604 0.73508623 0.45236076 0.45236076 0.39581566
 0.45236076 0.62199604]
root: INFO   Ambiguous mislabeled cases: 0.05654509471303364%
root: INFO   Clear mislabeled cases: 39.468476109697484%

root: INFO   Training dataset size N=8251
root: INFO   Validation dataset size N=3537
/home/scur1936/.conda/envs/alclean/lib/python3.10/site-packages/torchvision/models/_utils.py:208: UserWarning: The parameter 'pretrained' is deprecated since 0.13 and may be removed in the future, please use 'weights' instead.
  warnings.warn(
/home/scur1936/.conda/envs/alclean/lib/python3.10/site-packages/torchvision/models/_utils.py:223: UserWarning: Arguments other than a weight enum or `None` for 'weights' are deprecated since 0.13 and may be removed in the future. The current behavior is equivalent to passing `weights=None`.
  warnings.warn(msg)
root: INFO   Preparing dataset: CUB (N=8251)
root: INFO   Class distribution (%) (true labels): [0.43631075 0.64234638 0.50902921 0.44843049 0.36359229 0.41207126
 0.44843049 0.41207126 0.54538844 0.47266998 0.48478972 0.48478972
 0.50902921 0.53326869 0.42419101 0.53326869 0.50902921 0.37571203
 0.50902921 0.50902921 0.49690947 0.43631075 0.48478972 0.50902921
 0.52114895 0.52114895 0.42419101 0.49690947 0.54538844 0.48478972
 0.44843049 0.48478972 0.52114895 0.47266998 0.49690947 0.54538844
 0.54538844 0.43631075 0.52114895 0.53326869 0.44843049 0.43631075
 0.6181069  0.50902921 0.48478972 0.50902921 0.54538844 0.43631075
 0.48478972 0.54538844 0.47266998 0.39995152 0.6181069  0.50902921
 0.46055024 0.59386741 0.33935281 0.43631075 0.49690947 0.43631075
 0.52114895 0.60598715 0.56962792 0.46055024 0.58174767 0.35147255
 0.49690947 0.50902921 0.52114895 0.48478972 0.47266998 0.50902921
 0.39995152 0.55750818 0.55750818 0.49690947 0.55750818 0.42419101
 0.56962792 0.50902921 0.43631075 0.44843049 0.58174767 0.43631075
 0.47266998 0.58174767 0.52114895 0.53326869 0.48478972 0.49690947
 0.59386741 0.46055024 0.53326869 0.50902921 0.41207126 0.59386741
 0.48478972 0.6181069  0.49690947 0.41207126 0.42419101 0.48478972
 0.52114895 0.44843049 0.44843049 0.58174767 0.54538844 0.6181069
 0.44843049 0.52114895 0.49690947 0.49690947 0.52114895 0.53326869
 0.49690947 0.52114895 0.44843049 0.31511332 0.48478972 0.49690947
 0.46055024 0.48478972 0.46055024 0.55750818 0.60598715 0.42419101
 0.47266998 0.38783178 0.55750818 0.55750818 0.47266998 0.58174767
 0.64234638 0.54538844 0.59386741 0.64234638 0.47266998 0.41207126
 0.59386741 0.46055024 0.38783178 0.52114895 0.65446613 0.56962792
 0.52114895 0.49690947 0.47266998 0.50902921 0.54538844 0.55750818
 0.55750818 0.42419101 0.53326869 0.50902921 0.59386741 0.43631075
 0.53326869 0.47266998 0.46055024 0.44843049 0.52114895 0.44843049
 0.69082535 0.60598715 0.43631075 0.42419101 0.6181069  0.47266998
 0.49690947 0.55750818 0.48478972 0.47266998 0.49690947 0.47266998
 0.54538844 0.39995152 0.56962792 0.47266998 0.44843049 0.50902921
 0.46055024 0.36359229 0.60598715 0.46055024 0.53326869 0.48478972
 0.58174767 0.56962792 0.50902921 0.41207126 0.53326869 0.39995152
 0.56962792 0.46055024 0.60598715 0.47266998 0.36359229 0.63022664
 0.39995152 0.46055024]
root: INFO   Ambiguous mislabeled cases: 0.012119743061447098%
root: INFO   Clear mislabeled cases: 39.89819415828384%

root: INFO   Preparing dataset: CUB (N=3537)
root: INFO   Class distribution (%) (true labels): [0.48063331 0.36754312 0.48063331 0.65026859 0.33927057 0.48063331
 0.25445293 0.36754312 0.67854114 0.45236076 0.31099802 0.56545095
 0.50890585 0.45236076 0.50890585 0.5371784  0.42408821 0.42408821
 0.45236076 0.48063331 0.59372349 0.56545095 0.31099802 0.5371784
 0.45236076 0.48063331 0.70681368 0.50890585 0.50890585 0.48063331
 0.39581566 0.50890585 0.56545095 0.5371784  0.56545095 0.42408821
 0.45236076 0.50890585 0.70681368 0.45236076 0.42408821 0.45236076
 0.5371784  0.50890585 0.56545095 0.50890585 0.56545095 0.5371784
 0.56545095 0.59372349 0.48063331 0.42408821 0.5371784  0.59372349
 0.5371784  0.70681368 0.50890585 0.62199604 0.5371784  0.36754312
 0.5371784  0.48063331 0.48063331 0.59372349 0.39581566 0.48063331
 0.67854114 0.31099802 0.5371784  0.56545095 0.59372349 0.50890585
 0.65026859 0.39581566 0.42408821 0.5371784  0.56545095 0.50890585
 0.5371784  0.48063331 0.5371784  0.56545095 0.42408821 0.48063331
 0.59372349 0.33927057 0.48063331 0.45236076 0.59372349 0.50890585
 0.31099802 0.62199604 0.45236076 0.50890585 0.39581566 0.31099802
 0.42408821 0.70681368 0.5371784  0.56545095 0.59372349 0.56545095
 0.48063331 0.65026859 0.33927057 0.33927057 0.28272547 0.36754312
 0.65026859 0.48063331 0.50890585 0.56545095 0.39581566 0.28272547
 0.76335878 0.5371784  0.33927057 0.42408821 0.50890585 0.39581566
 0.5371784  0.50890585 0.50890585 0.56545095 0.56545095 0.48063331
 0.45236076 0.56545095 0.5371784  0.5371784  0.5371784  0.73508623
 0.5371784  0.42408821 0.36754312 0.56545095 0.56545095 0.31099802
 0.42408821 0.50890585 0.50890585 0.42408821 0.45236076 0.45236076
 0.62199604 0.39581566 0.50890585 0.45236076 0.39581566 0.39581566
 0.39581566 0.42408821 0.59372349 0.31099802 0.48063331 0.48063331
 0.50890585 0.59372349 0.59372349 0.70681368 0.56545095 0.42408821
 0.48063331 0.50890585 0.42408821 0.50890585 0.65026859 0.59372349
 0.62199604 0.48063331 0.5371784  0.48063331 0.56545095 0.50890585
 0.45236076 0.62199604 0.70681368 0.42408821 0.45236076 0.36754312
 0.56545095 0.48063331 0.48063331 0.42408821 0.50890585 0.50890585
 0.5371784  0.33927057 0.42408821 0.42408821 0.56545095 0.5371784
 0.56545095 0.62199604 0.73508623 0.45236076 0.45236076 0.39581566
 0.45236076 0.62199604]
root: INFO   Ambiguous mislabeled cases: 0.05654509471303364%
root: INFO   Clear mislabeled cases: 39.468476109697484%

root: INFO   Training dataset size N=8251
root: INFO   Validation dataset size N=3537
root: INFO   Loading model-0 from checkpoint:
 /gpfs/home6/scur1936/al-label-cleaning/logs/cub_noise_20_scratch/vanilla_model/seed_1/checkpoints/checkpoint_model_0_last_epoch.pt
root: INFO   
                 model  run_id              dataset  count   accuracy  top_n_accuracy  cross_entropy                                                                                                                                                                                                                                                                                                                                                                                                                                                                                                                                                                                                                                                                                                                                                               accuracy_per_class
0  resnet_from_scratch       0                clean   3537  33.050608       45.858072       0.656982  [5.882, 33.333, 11.111, 26.087, 21.429, 36.364, 25.0, 28.571, 4.762, 37.5, 13.333, 31.579, 55.556, 38.889, 43.75, 52.632, 60.0, 43.75, 40.0, 47.059, 30.435, 30.0, 23.529, 50.0, 53.846, 42.105, 17.391, 77.778, 5.263, 25.0, 35.0, 21.429, 33.333, 61.111, 38.095, 60.0, 6.25, 14.286, 20.0, 11.765, 22.727, 44.444, 43.75, 55.556, 55.0, 55.556, 43.478, 43.75, 45.0, 27.778, 31.25, 27.778, 65.0, 31.579, 31.579, 38.095, 37.5, 40.909, 13.333, 4.545, 63.158, 5.263, 33.333, 14.286, 41.667, 7.143, 16.667, 42.105, 23.529, 90.0, 22.222, 47.619, 33.333, 23.529, 63.636, 36.842, 57.895, 42.105, 56.25, 21.053, 29.167, 6.667, 62.5, 64.706, 66.667, 66.667, 64.706, 87.5, 35.0, 52.632, 18.182, 27.273, 56.25, 66.667, 14.286, 26.667, 33.333, 60.0, 42.105, 26.087, ...]
1  resnet_from_scratch       0                noisy   3537  24.681934       36.669494       0.828005          [0.0, 0.0, 5.556, 26.087, 21.429, 27.273, 25.0, 21.429, 4.762, 31.25, 6.667, 21.053, 55.556, 27.778, 37.5, 31.579, 60.0, 31.25, 33.333, 47.059, 34.783, 30.0, 11.765, 43.75, 30.769, 36.842, 13.043, 77.778, 5.263, 18.75, 25.0, 7.143, 33.333, 38.889, 47.619, 60.0, 0.0, 14.286, 13.333, 0.0, 4.545, 22.222, 25.0, 55.556, 55.0, 55.556, 34.783, 31.25, 45.0, 22.222, 31.25, 16.667, 50.0, 15.789, 15.789, 23.81, 29.167, 40.909, 6.667, 13.636, 21.053, 10.526, 26.667, 9.524, 16.667, 7.143, 16.667, 15.789, 17.647, 90.0, 5.556, 28.571, 33.333, 29.412, 36.364, 36.842, 52.632, 26.316, 25.0, 15.789, 12.5, 13.333, 25.0, 64.706, 66.667, 66.667, 64.706, 87.5, 35.0, 36.842, 18.182, 27.273, 56.25, 66.667, 14.286, 26.667, 14.286, 33.333, 42.105, 34.783, ...]
2  resnet_from_scratch       0  resnet_from_scratch   3537  27.735369       40.910376       0.705057  [5.882, 8.333, 11.111, 26.087, 21.429, 27.273, 25.0, 28.571, 4.762, 31.25, 6.667, 26.316, 55.556, 27.778, 37.5, 36.842, 60.0, 37.5, 33.333, 47.059, 34.783, 30.0, 11.765, 50.0, 46.154, 36.842, 13.043, 77.778, 5.263, 25.0, 30.0, 7.143, 33.333, 38.889, 47.619, 60.0, 6.25, 14.286, 13.333, 0.0, 4.545, 27.778, 31.25, 55.556, 55.0, 55.556, 34.783, 31.25, 45.0, 22.222, 31.25, 22.222, 60.0, 15.789, 26.316, 28.571, 29.167, 40.909, 6.667, 13.636, 42.105, 10.526, 33.333, 9.524, 16.667, 7.143, 16.667, 21.053, 17.647, 90.0, 5.556, 28.571, 33.333, 29.412, 54.545, 36.842, 52.632, 26.316, 25.0, 15.789, 16.667, 13.333, 43.75, 64.706, 66.667, 66.667, 64.706, 87.5, 35.0, 36.842, 18.182, 27.273, 56.25, 66.667, 14.286, 26.667, 14.286, 33.333, 42.105, 34.783, ...]
root: INFO   
                 model              dataset   accuracy       count     cross_entropy    
                                                  mean std    mean std          mean std
0  resnet_from_scratch                clean  33.050608 NaN  3537.0 NaN      0.656982 NaN
1  resnet_from_scratch                noisy  24.681934 NaN  3537.0 NaN      0.828005 NaN
2  resnet_from_scratch  resnet_from_scratch  27.735369 NaN  3537.0 NaN      0.705057 NaN

JOB STATISTICS
==============
Job ID: 4791192
Cluster: snellius
User/Group: scur1936/scur1936
State: COMPLETED (exit code 0)
Nodes: 1
Cores per node: 18
CPU Utilized: 00:07:22
CPU Efficiency: 20.29% of 00:36:18 core-walltime
Job Wall-clock time: 00:02:01
Memory Utilized: 2.92 GB
Memory Efficiency: 2.43% of 120.00 GB
