============================================================================================== 
Warning! Mixing Conda and module environments may lead to corruption of the
user environment. 
We do not recommend users mixing those two environments unless absolutely
necessary. Note that 
SURF does not provide any support for Conda environment.
For more information, please refer to our software policy page:
https://servicedesk.surf.nl/wiki/display/WIKI/Software+policy+Snellius+and+Lisa#SoftwarepolicySnelliusandLisa-UseofAnacondaandMinicondaenvironmentsonSnellius 

Remember that many packages have already been installed on the system and can
be loaded using 
the 'module load <package__name>' command. If you are uncertain if a package is
already available 
on the system, please use 'module avail' or 'module spider' to search for it.
============================================================================================== 
Found existing installation: AL-cleaning 1.0
Uninstalling AL-cleaning-1.0:
  Successfully uninstalled AL-cleaning-1.0
Obtaining file:///gpfs/home6/scur1936/al-label-cleaning
  Preparing metadata (setup.py): started
  Preparing metadata (setup.py): finished with status 'done'
Installing collected packages: AL-cleaning
  Running setup.py develop for AL-cleaning
Successfully installed AL-cleaning-1.0
[nltk_data] Downloading package wordnet to /home/scur1936/nltk_data...
[nltk_data]   Package wordnet is already up-to-date!
root: INFO   Preparing dataset: IMAGENETDOGS (N=14405)
root: INFO   Class distribution (%) (true labels): [0.88858035 0.86775425 1.01353697 0.74973967 1.020479   0.84692815
 0.89552239 0.93023256 0.82610205 1.00659493 0.82610205 0.91634849
 0.9788268  0.81916001 0.82610205 0.75668171 0.81221798 0.95105866
 0.96494273 0.79139188 0.87469629 0.93717459 0.95105866 1.01353697
 0.81916001 0.87469629 0.96494273 0.83304408 0.74279764 0.78444984
 0.86081222 0.79139188 0.93023256 0.88858035 0.79139188 0.89552239
 0.85387018 0.79833391 0.95105866 1.02742103 0.95800069 0.88858035
 0.81916001 0.83304408 1.00659493 0.74973967 0.74279764 0.74973967
 0.79833391 0.88163832 0.91634849 0.87469629 0.81916001 0.90940646
 0.70808747 0.78444984 0.73585561 0.74279764 0.87469629 0.74973967
 0.76362374 0.77056578 0.83998612 0.68031933 0.72197154 0.75668171
 0.77750781 0.65949323 0.82610205 0.70808747 0.79833391 0.6525512
 0.76362374 0.65949323 0.68031933 0.74973967 0.7150295  0.6525512
 0.75668171 0.84692815 0.72891357 0.87469629 0.70808747 0.72891357
 0.72891357 0.80527595 0.75668171 0.91634849 0.94411663 0.83998612
 0.91634849 0.72197154 0.89552239 0.68726137 0.77750781 0.75668171
 0.83998612 0.72197154 0.91634849 0.92329052 0.75668171 1.0621312
 0.9788268  0.97188476 0.86081222 1.00659493 1.01353697 1.05518917
 0.9996529  0.97188476 0.78444984 0.76362374 0.79139188 0.66643527
 0.74973967 0.76362374 0.81916001 0.7150295  0.66643527 0.81916001]
root: INFO   Ambiguous mislabeled cases: 0.1318986463033669%
root: INFO   Clear mislabeled cases: 46.553280111072546%

root: INFO   Preparing dataset: IMAGENETDOGS (N=6175)
root: INFO   Class distribution (%) (true labels): [0.63157895 0.84210526 1.13360324 0.84210526 1.00404858 0.93927126
 1.2145749  0.98785425 0.8582996  1.05263158 0.92307692 1.03643725
 0.84210526 0.89068826 0.92307692 0.66396761 0.69635628 0.82591093
 0.89068826 0.98785425 0.92307692 0.82591093 0.74493927 1.08502024
 0.66396761 0.8582996  0.82591093 0.72874494 0.77732794 0.82591093
 0.90688259 0.87449393 0.71255061 0.8097166  0.71255061 0.98785425
 0.7611336  0.7611336  0.90688259 0.93927126 0.95546559 0.82591093
 0.87449393 0.89068826 1.03643725 0.84210526 0.8582996  0.61538462
 0.90688259 0.90688259 1.10121457 0.79352227 0.84210526 0.79352227
 0.74493927 0.74493927 0.82591093 0.84210526 0.68016194 0.72874494
 0.69635628 0.74493927 0.58299595 0.92307692 0.56680162 0.8582996
 0.7611336  0.89068826 0.63157895 0.68016194 0.71255061 0.90688259
 0.71255061 0.92307692 0.8097166  0.61538462 0.53441296 0.74493927
 0.8582996  0.8582996  0.68016194 0.77732794 0.7611336  0.89068826
 0.77732794 0.69635628 0.82591093 0.74493927 0.89068826 0.72874494
 1.1659919  0.89068826 0.50202429 0.68016194 0.87449393 0.82591093
 0.77732794 0.56680162 0.90688259 0.79352227 0.90688259 1.05263158
 0.92307692 1.03643725 1.05263158 0.79352227 0.89068826 0.89068826
 0.92307692 0.68016194 0.77732794 0.8582996  0.95546559 0.90688259
 0.89068826 0.64777328 0.8582996  0.93927126 0.84210526 0.77732794]
root: INFO   Ambiguous mislabeled cases: 0.11336032388663968%
root: INFO   Clear mislabeled cases: 46.80161943319838%

root: INFO   Training dataset size N=14405
root: INFO   Validation dataset size N=6175
root: INFO   
root: INFO   Loading curated labels from HDF5 file: /gpfs/home6/scur1936/al-label-cleaning/logs/main_simulation_benchmark/SelectorResults/imagenetdogs_noise_20/vanilla_model_from_scratch/PosteriorBasedSelector/val/seed_12/simulator_output.hdf
root: INFO   Number of relabels: 2897
root: INFO   Selector used in relabelling: Vanilla
root: INFO   Label accuracy: 67.82186234817814
root: INFO   
root: INFO   Loading curated labels from HDF5 file: /gpfs/home6/scur1936/al-label-cleaning/logs/main_simulation_benchmark/SelectorResults/imagenetdogs_noise_20/vanilla_model_from_scratch/PosteriorBasedSelector/val/seed_1/simulator_output.hdf
root: INFO   Number of relabels: 2897
root: INFO   Selector used in relabelling: Vanilla
root: INFO   Label accuracy: 67.59514170040485
root: INFO   
root: INFO   Loading curated labels from HDF5 file: /gpfs/home6/scur1936/al-label-cleaning/logs/main_simulation_benchmark/SelectorResults/imagenetdogs_noise_20/vanilla_model_from_scratch/PosteriorBasedSelector/val/seed_123/simulator_output.hdf
root: INFO   Number of relabels: 2897
root: INFO   Selector used in relabelling: Vanilla
root: INFO   Label accuracy: 67.67611336032388
root: INFO   Preparing dataset: IMAGENETDOGS (N=14405)
root: INFO   Class distribution (%) (true labels): [0.88858035 0.86775425 1.01353697 0.74973967 1.020479   0.84692815
 0.89552239 0.93023256 0.82610205 1.00659493 0.82610205 0.91634849
 0.9788268  0.81916001 0.82610205 0.75668171 0.81221798 0.95105866
 0.96494273 0.79139188 0.87469629 0.93717459 0.95105866 1.01353697
 0.81916001 0.87469629 0.96494273 0.83304408 0.74279764 0.78444984
 0.86081222 0.79139188 0.93023256 0.88858035 0.79139188 0.89552239
 0.85387018 0.79833391 0.95105866 1.02742103 0.95800069 0.88858035
 0.81916001 0.83304408 1.00659493 0.74973967 0.74279764 0.74973967
 0.79833391 0.88163832 0.91634849 0.87469629 0.81916001 0.90940646
 0.70808747 0.78444984 0.73585561 0.74279764 0.87469629 0.74973967
 0.76362374 0.77056578 0.83998612 0.68031933 0.72197154 0.75668171
 0.77750781 0.65949323 0.82610205 0.70808747 0.79833391 0.6525512
 0.76362374 0.65949323 0.68031933 0.74973967 0.7150295  0.6525512
 0.75668171 0.84692815 0.72891357 0.87469629 0.70808747 0.72891357
 0.72891357 0.80527595 0.75668171 0.91634849 0.94411663 0.83998612
 0.91634849 0.72197154 0.89552239 0.68726137 0.77750781 0.75668171
 0.83998612 0.72197154 0.91634849 0.92329052 0.75668171 1.0621312
 0.9788268  0.97188476 0.86081222 1.00659493 1.01353697 1.05518917
 0.9996529  0.97188476 0.78444984 0.76362374 0.79139188 0.66643527
 0.74973967 0.76362374 0.81916001 0.7150295  0.66643527 0.81916001]
root: INFO   Ambiguous mislabeled cases: 0.1318986463033669%
root: INFO   Clear mislabeled cases: 46.553280111072546%

root: INFO   Preparing dataset: IMAGENETDOGS (N=6175)
root: INFO   Class distribution (%) (true labels): [0.63157895 0.84210526 1.13360324 0.84210526 1.00404858 0.93927126
 1.2145749  0.98785425 0.8582996  1.05263158 0.92307692 1.03643725
 0.84210526 0.89068826 0.92307692 0.66396761 0.69635628 0.82591093
 0.89068826 0.98785425 0.92307692 0.82591093 0.74493927 1.08502024
 0.66396761 0.8582996  0.82591093 0.72874494 0.77732794 0.82591093
 0.90688259 0.87449393 0.71255061 0.8097166  0.71255061 0.98785425
 0.7611336  0.7611336  0.90688259 0.93927126 0.95546559 0.82591093
 0.87449393 0.89068826 1.03643725 0.84210526 0.8582996  0.61538462
 0.90688259 0.90688259 1.10121457 0.79352227 0.84210526 0.79352227
 0.74493927 0.74493927 0.82591093 0.84210526 0.68016194 0.72874494
 0.69635628 0.74493927 0.58299595 0.92307692 0.56680162 0.8582996
 0.7611336  0.89068826 0.63157895 0.68016194 0.71255061 0.90688259
 0.71255061 0.92307692 0.8097166  0.61538462 0.53441296 0.74493927
 0.8582996  0.8582996  0.68016194 0.77732794 0.7611336  0.89068826
 0.77732794 0.69635628 0.82591093 0.74493927 0.89068826 0.72874494
 1.1659919  0.89068826 0.50202429 0.68016194 0.87449393 0.82591093
 0.77732794 0.56680162 0.90688259 0.79352227 0.90688259 1.05263158
 0.92307692 1.03643725 1.05263158 0.79352227 0.89068826 0.89068826
 0.92307692 0.68016194 0.77732794 0.8582996  0.95546559 0.90688259
 0.89068826 0.64777328 0.8582996  0.93927126 0.84210526 0.77732794]
root: INFO   Ambiguous mislabeled cases: 0.11336032388663968%
root: INFO   Clear mislabeled cases: 46.80161943319838%

root: INFO   Training dataset size N=14405
root: INFO   Validation dataset size N=6175
/home/scur1936/.conda/envs/alclean/lib/python3.10/site-packages/torchvision/models/_utils.py:208: UserWarning: The parameter 'pretrained' is deprecated since 0.13 and may be removed in the future, please use 'weights' instead.
  warnings.warn(
/home/scur1936/.conda/envs/alclean/lib/python3.10/site-packages/torchvision/models/_utils.py:223: UserWarning: Arguments other than a weight enum or `None` for 'weights' are deprecated since 0.13 and may be removed in the future. The current behavior is equivalent to passing `weights=None`.
  warnings.warn(msg)
root: INFO   Preparing dataset: IMAGENETDOGS (N=14405)
root: INFO   Class distribution (%) (true labels): [0.88858035 0.86775425 1.01353697 0.74973967 1.020479   0.84692815
 0.89552239 0.93023256 0.82610205 1.00659493 0.82610205 0.91634849
 0.9788268  0.81916001 0.82610205 0.75668171 0.81221798 0.95105866
 0.96494273 0.79139188 0.87469629 0.93717459 0.95105866 1.01353697
 0.81916001 0.87469629 0.96494273 0.83304408 0.74279764 0.78444984
 0.86081222 0.79139188 0.93023256 0.88858035 0.79139188 0.89552239
 0.85387018 0.79833391 0.95105866 1.02742103 0.95800069 0.88858035
 0.81916001 0.83304408 1.00659493 0.74973967 0.74279764 0.74973967
 0.79833391 0.88163832 0.91634849 0.87469629 0.81916001 0.90940646
 0.70808747 0.78444984 0.73585561 0.74279764 0.87469629 0.74973967
 0.76362374 0.77056578 0.83998612 0.68031933 0.72197154 0.75668171
 0.77750781 0.65949323 0.82610205 0.70808747 0.79833391 0.6525512
 0.76362374 0.65949323 0.68031933 0.74973967 0.7150295  0.6525512
 0.75668171 0.84692815 0.72891357 0.87469629 0.70808747 0.72891357
 0.72891357 0.80527595 0.75668171 0.91634849 0.94411663 0.83998612
 0.91634849 0.72197154 0.89552239 0.68726137 0.77750781 0.75668171
 0.83998612 0.72197154 0.91634849 0.92329052 0.75668171 1.0621312
 0.9788268  0.97188476 0.86081222 1.00659493 1.01353697 1.05518917
 0.9996529  0.97188476 0.78444984 0.76362374 0.79139188 0.66643527
 0.74973967 0.76362374 0.81916001 0.7150295  0.66643527 0.81916001]
root: INFO   Ambiguous mislabeled cases: 0.1318986463033669%
root: INFO   Clear mislabeled cases: 46.553280111072546%

root: INFO   Preparing dataset: IMAGENETDOGS (N=6175)
root: INFO   Class distribution (%) (true labels): [0.63157895 0.84210526 1.13360324 0.84210526 1.00404858 0.93927126
 1.2145749  0.98785425 0.8582996  1.05263158 0.92307692 1.03643725
 0.84210526 0.89068826 0.92307692 0.66396761 0.69635628 0.82591093
 0.89068826 0.98785425 0.92307692 0.82591093 0.74493927 1.08502024
 0.66396761 0.8582996  0.82591093 0.72874494 0.77732794 0.82591093
 0.90688259 0.87449393 0.71255061 0.8097166  0.71255061 0.98785425
 0.7611336  0.7611336  0.90688259 0.93927126 0.95546559 0.82591093
 0.87449393 0.89068826 1.03643725 0.84210526 0.8582996  0.61538462
 0.90688259 0.90688259 1.10121457 0.79352227 0.84210526 0.79352227
 0.74493927 0.74493927 0.82591093 0.84210526 0.68016194 0.72874494
 0.69635628 0.74493927 0.58299595 0.92307692 0.56680162 0.8582996
 0.7611336  0.89068826 0.63157895 0.68016194 0.71255061 0.90688259
 0.71255061 0.92307692 0.8097166  0.61538462 0.53441296 0.74493927
 0.8582996  0.8582996  0.68016194 0.77732794 0.7611336  0.89068826
 0.77732794 0.69635628 0.82591093 0.74493927 0.89068826 0.72874494
 1.1659919  0.89068826 0.50202429 0.68016194 0.87449393 0.82591093
 0.77732794 0.56680162 0.90688259 0.79352227 0.90688259 1.05263158
 0.92307692 1.03643725 1.05263158 0.79352227 0.89068826 0.89068826
 0.92307692 0.68016194 0.77732794 0.8582996  0.95546559 0.90688259
 0.89068826 0.64777328 0.8582996  0.93927126 0.84210526 0.77732794]
root: INFO   Ambiguous mislabeled cases: 0.11336032388663968%
root: INFO   Clear mislabeled cases: 46.80161943319838%

root: INFO   Training dataset size N=14405
root: INFO   Validation dataset size N=6175
root: INFO   Loading model-0 from checkpoint:
 /gpfs/home6/scur1936/al-label-cleaning/logs/imagenetdogs_noise_20_scratch/vanilla_model/seed_1/checkpoints/checkpoint_model_0_last_epoch.pt
root: INFO   
                 model  run_id              dataset  count   accuracy  top_n_accuracy  cross_entropy                                                                                                                                                                                                                                                                                                                                                                                                                                                                                                                                                                                                                                                                                                                                                                                        accuracy_per_class
0  resnet_from_scratch       0                clean   6175  27.384615       40.518219       0.784050  [4.762, 25.0, 35.227, 16.0, 22.642, 49.057, 45.0, 30.909, 43.396, 33.333, 11.538, 15.517, 16.0, 16.667, 17.544, 25.0, 43.182, 12.766, 26.667, 21.127, 20.0, 22.642, 24.528, 28.571, 24.39, 17.742, 26.389, 20.833, 39.13, 18.868, 18.0, 21.739, 24.528, 20.0, 10.204, 30.909, 12.245, 19.298, 28.07, 50.877, 21.429, 20.339, 14.035, 27.586, 40.0, 26.667, 14.634, 28.571, 25.455, 31.429, 38.182, 20.408, 21.951, 17.308, 17.778, 20.408, 22.449, 13.953, 23.529, 32.653, 33.333, 14.583, 28.205, 46.154, 36.364, 39.535, 46.0, 28.846, 21.739, 53.846, 39.024, 29.787, 33.962, 42.0, 38.596, 22.917, 19.565, 38.776, 30.435, 26.829, 15.686, 30.435, 10.638, 39.535, 23.913, 47.619, 28.07, 31.481, 36.667, 23.256, 39.344, 18.367, 39.474, 17.021, 15.556, 14.583, 33.333, 10.638, 20.0, 38.333, ...]
1  resnet_from_scratch       0                noisy   6175  18.493927       29.376518       1.016103                         [0.0, 10.417, 20.455, 16.0, 13.208, 39.623, 37.5, 14.545, 43.396, 18.333, 9.615, 6.897, 6.0, 2.083, 10.526, 20.0, 54.545, 8.511, 24.444, 18.31, 21.818, 13.208, 15.094, 16.071, 14.634, 9.677, 15.278, 8.333, 34.783, 18.868, 14.0, 4.348, 7.547, 12.0, 6.122, 12.727, 6.122, 1.754, 28.07, 43.86, 7.143, 18.644, 5.263, 13.793, 25.455, 21.667, 9.756, 21.429, 7.273, 11.429, 27.273, 4.082, 12.195, 5.769, 11.111, 16.327, 14.286, 13.953, 11.765, 30.612, 23.077, 12.5, 15.385, 25.0, 20.455, 25.581, 36.0, 30.769, 13.043, 28.205, 21.951, 23.404, 26.415, 32.0, 22.807, 12.5, 6.522, 8.163, 15.217, 17.073, 11.765, 17.391, 2.128, 23.256, 19.565, 42.857, 21.053, 27.778, 33.333, 16.279, 39.344, 18.367, 23.684, 8.511, 11.111, 8.333, 21.429, 2.128, 28.889, 36.667, ...]
2  resnet_from_scratch       0  resnet_from_scratch   6175  22.121457       34.283401       0.854655                  [2.381, 20.833, 27.273, 16.0, 16.981, 41.509, 38.75, 23.636, 43.396, 25.0, 11.538, 8.621, 8.0, 10.417, 10.526, 22.5, 56.818, 14.894, 24.444, 18.31, 23.636, 13.208, 18.868, 25.0, 19.512, 12.903, 20.833, 12.5, 34.783, 18.868, 18.0, 19.565, 11.321, 14.0, 6.122, 23.636, 8.163, 14.035, 28.07, 45.614, 17.857, 22.034, 10.526, 24.138, 40.0, 21.667, 9.756, 21.429, 14.545, 18.571, 34.545, 8.163, 17.073, 13.462, 17.778, 18.367, 20.408, 16.279, 17.647, 34.694, 23.077, 12.5, 17.949, 25.0, 25.0, 25.581, 36.0, 30.769, 15.217, 35.897, 31.707, 23.404, 26.415, 36.0, 24.561, 18.75, 8.696, 18.367, 19.565, 24.39, 11.765, 23.913, 4.255, 32.558, 21.739, 45.238, 22.807, 29.63, 38.333, 18.605, 39.344, 18.367, 28.947, 10.638, 13.333, 8.333, 21.429, 4.255, 28.889, 36.667, ...]
root: INFO   
                 model              dataset   accuracy       count     cross_entropy    
                                                  mean std    mean std          mean std
0  resnet_from_scratch                clean  27.384615 NaN  6175.0 NaN      0.784050 NaN
1  resnet_from_scratch                noisy  18.493927 NaN  6175.0 NaN      1.016103 NaN
2  resnet_from_scratch  resnet_from_scratch  22.121457 NaN  6175.0 NaN      0.854655 NaN

JOB STATISTICS
==============
Job ID: 4791100
Cluster: snellius
User/Group: scur1936/scur1936
State: RUNNING
Nodes: 1
Cores per node: 18
CPU Utilized: 00:00:02
CPU Efficiency: 0.13% of 00:24:54 core-walltime
Job Wall-clock time: 00:01:23
Memory Utilized: 1.23 MB
Memory Efficiency: 0.00% of 120.00 GB
WARNING: Efficiency statistics may be misleading for RUNNING jobs.
