============================================================================================== 
Warning! Mixing Conda and module environments may lead to corruption of the
user environment. 
We do not recommend users mixing those two environments unless absolutely
necessary. Note that 
SURF does not provide any support for Conda environment.
For more information, please refer to our software policy page:
https://servicedesk.surf.nl/wiki/display/WIKI/Software+policy+Snellius+and+Lisa#SoftwarepolicySnelliusandLisa-UseofAnacondaandMinicondaenvironmentsonSnellius 

Remember that many packages have already been installed on the system and can
be loaded using 
the 'module load <package__name>' command. If you are uncertain if a package is
already available 
on the system, please use 'module avail' or 'module spider' to search for it.
============================================================================================== 
Found existing installation: AL-cleaning 1.0
Uninstalling AL-cleaning-1.0:
  Successfully uninstalled AL-cleaning-1.0
Obtaining file:///gpfs/home6/scur1936/al-label-cleaning
  Preparing metadata (setup.py): started
  Preparing metadata (setup.py): finished with status 'done'
Installing collected packages: AL-cleaning
  Running setup.py develop for AL-cleaning
Successfully installed AL-cleaning-1.0
[nltk_data] Downloading package wordnet to /home/scur1936/nltk_data...
[nltk_data]   Package wordnet is already up-to-date!
root: INFO   Preparing dataset: IMAGENETDOGS (N=14405)
root: INFO   Class distribution (%) (true labels): [0.88858035 0.86775425 1.01353697 0.74973967 1.020479   0.84692815
 0.89552239 0.93023256 0.82610205 1.00659493 0.82610205 0.91634849
 0.9788268  0.81916001 0.82610205 0.75668171 0.81221798 0.95105866
 0.96494273 0.79139188 0.87469629 0.93717459 0.95105866 1.01353697
 0.81916001 0.87469629 0.96494273 0.83304408 0.74279764 0.78444984
 0.86081222 0.79139188 0.93023256 0.88858035 0.79139188 0.89552239
 0.85387018 0.79833391 0.95105866 1.02742103 0.95800069 0.88858035
 0.81916001 0.83304408 1.00659493 0.74973967 0.74279764 0.74973967
 0.79833391 0.88163832 0.91634849 0.87469629 0.81916001 0.90940646
 0.70808747 0.78444984 0.73585561 0.74279764 0.87469629 0.74973967
 0.76362374 0.77056578 0.83998612 0.68031933 0.72197154 0.75668171
 0.77750781 0.65949323 0.82610205 0.70808747 0.79833391 0.6525512
 0.76362374 0.65949323 0.68031933 0.74973967 0.7150295  0.6525512
 0.75668171 0.84692815 0.72891357 0.87469629 0.70808747 0.72891357
 0.72891357 0.80527595 0.75668171 0.91634849 0.94411663 0.83998612
 0.91634849 0.72197154 0.89552239 0.68726137 0.77750781 0.75668171
 0.83998612 0.72197154 0.91634849 0.92329052 0.75668171 1.0621312
 0.9788268  0.97188476 0.86081222 1.00659493 1.01353697 1.05518917
 0.9996529  0.97188476 0.78444984 0.76362374 0.79139188 0.66643527
 0.74973967 0.76362374 0.81916001 0.7150295  0.66643527 0.81916001]
root: INFO   Ambiguous mislabeled cases: 0.1318986463033669%
root: INFO   Clear mislabeled cases: 46.553280111072546%

root: INFO   Preparing dataset: IMAGENETDOGS (N=6175)
root: INFO   Class distribution (%) (true labels): [0.63157895 0.84210526 1.13360324 0.84210526 1.00404858 0.93927126
 1.2145749  0.98785425 0.8582996  1.05263158 0.92307692 1.03643725
 0.84210526 0.89068826 0.92307692 0.66396761 0.69635628 0.82591093
 0.89068826 0.98785425 0.92307692 0.82591093 0.74493927 1.08502024
 0.66396761 0.8582996  0.82591093 0.72874494 0.77732794 0.82591093
 0.90688259 0.87449393 0.71255061 0.8097166  0.71255061 0.98785425
 0.7611336  0.7611336  0.90688259 0.93927126 0.95546559 0.82591093
 0.87449393 0.89068826 1.03643725 0.84210526 0.8582996  0.61538462
 0.90688259 0.90688259 1.10121457 0.79352227 0.84210526 0.79352227
 0.74493927 0.74493927 0.82591093 0.84210526 0.68016194 0.72874494
 0.69635628 0.74493927 0.58299595 0.92307692 0.56680162 0.8582996
 0.7611336  0.89068826 0.63157895 0.68016194 0.71255061 0.90688259
 0.71255061 0.92307692 0.8097166  0.61538462 0.53441296 0.74493927
 0.8582996  0.8582996  0.68016194 0.77732794 0.7611336  0.89068826
 0.77732794 0.69635628 0.82591093 0.74493927 0.89068826 0.72874494
 1.1659919  0.89068826 0.50202429 0.68016194 0.87449393 0.82591093
 0.77732794 0.56680162 0.90688259 0.79352227 0.90688259 1.05263158
 0.92307692 1.03643725 1.05263158 0.79352227 0.89068826 0.89068826
 0.92307692 0.68016194 0.77732794 0.8582996  0.95546559 0.90688259
 0.89068826 0.64777328 0.8582996  0.93927126 0.84210526 0.77732794]
root: INFO   Ambiguous mislabeled cases: 0.11336032388663968%
root: INFO   Clear mislabeled cases: 46.80161943319838%

root: INFO   Training dataset size N=14405
root: INFO   Validation dataset size N=6175
root: INFO   
root: INFO   Loading curated labels from HDF5 file: /gpfs/home6/scur1936/al-label-cleaning/logs/main_simulation_benchmark/SelectorResults/imagenetdogs_noise_20/co_teaching/PosteriorBasedSelector/val/seed_12/simulator_output.hdf
root: INFO   Number of relabels: 2897
root: INFO   Selector used in relabelling: Coteaching
root: INFO   Label accuracy: 68.40485829959515
root: INFO   
root: INFO   Loading curated labels from HDF5 file: /gpfs/home6/scur1936/al-label-cleaning/logs/main_simulation_benchmark/SelectorResults/imagenetdogs_noise_20/co_teaching/PosteriorBasedSelector/val/seed_1/simulator_output.hdf
root: INFO   Number of relabels: 2897
root: INFO   Selector used in relabelling: Coteaching
root: INFO   Label accuracy: 67.87044534412955
root: INFO   
root: INFO   Loading curated labels from HDF5 file: /gpfs/home6/scur1936/al-label-cleaning/logs/main_simulation_benchmark/SelectorResults/imagenetdogs_noise_20/co_teaching/PosteriorBasedSelector/val/seed_123/simulator_output.hdf
root: INFO   Number of relabels: 2897
root: INFO   Selector used in relabelling: Coteaching
root: INFO   Label accuracy: 68.16194331983806
root: INFO   Preparing dataset: IMAGENETDOGS (N=14405)
root: INFO   Class distribution (%) (true labels): [0.88858035 0.86775425 1.01353697 0.74973967 1.020479   0.84692815
 0.89552239 0.93023256 0.82610205 1.00659493 0.82610205 0.91634849
 0.9788268  0.81916001 0.82610205 0.75668171 0.81221798 0.95105866
 0.96494273 0.79139188 0.87469629 0.93717459 0.95105866 1.01353697
 0.81916001 0.87469629 0.96494273 0.83304408 0.74279764 0.78444984
 0.86081222 0.79139188 0.93023256 0.88858035 0.79139188 0.89552239
 0.85387018 0.79833391 0.95105866 1.02742103 0.95800069 0.88858035
 0.81916001 0.83304408 1.00659493 0.74973967 0.74279764 0.74973967
 0.79833391 0.88163832 0.91634849 0.87469629 0.81916001 0.90940646
 0.70808747 0.78444984 0.73585561 0.74279764 0.87469629 0.74973967
 0.76362374 0.77056578 0.83998612 0.68031933 0.72197154 0.75668171
 0.77750781 0.65949323 0.82610205 0.70808747 0.79833391 0.6525512
 0.76362374 0.65949323 0.68031933 0.74973967 0.7150295  0.6525512
 0.75668171 0.84692815 0.72891357 0.87469629 0.70808747 0.72891357
 0.72891357 0.80527595 0.75668171 0.91634849 0.94411663 0.83998612
 0.91634849 0.72197154 0.89552239 0.68726137 0.77750781 0.75668171
 0.83998612 0.72197154 0.91634849 0.92329052 0.75668171 1.0621312
 0.9788268  0.97188476 0.86081222 1.00659493 1.01353697 1.05518917
 0.9996529  0.97188476 0.78444984 0.76362374 0.79139188 0.66643527
 0.74973967 0.76362374 0.81916001 0.7150295  0.66643527 0.81916001]
root: INFO   Ambiguous mislabeled cases: 0.1318986463033669%
root: INFO   Clear mislabeled cases: 46.553280111072546%

root: INFO   Preparing dataset: IMAGENETDOGS (N=6175)
root: INFO   Class distribution (%) (true labels): [0.63157895 0.84210526 1.13360324 0.84210526 1.00404858 0.93927126
 1.2145749  0.98785425 0.8582996  1.05263158 0.92307692 1.03643725
 0.84210526 0.89068826 0.92307692 0.66396761 0.69635628 0.82591093
 0.89068826 0.98785425 0.92307692 0.82591093 0.74493927 1.08502024
 0.66396761 0.8582996  0.82591093 0.72874494 0.77732794 0.82591093
 0.90688259 0.87449393 0.71255061 0.8097166  0.71255061 0.98785425
 0.7611336  0.7611336  0.90688259 0.93927126 0.95546559 0.82591093
 0.87449393 0.89068826 1.03643725 0.84210526 0.8582996  0.61538462
 0.90688259 0.90688259 1.10121457 0.79352227 0.84210526 0.79352227
 0.74493927 0.74493927 0.82591093 0.84210526 0.68016194 0.72874494
 0.69635628 0.74493927 0.58299595 0.92307692 0.56680162 0.8582996
 0.7611336  0.89068826 0.63157895 0.68016194 0.71255061 0.90688259
 0.71255061 0.92307692 0.8097166  0.61538462 0.53441296 0.74493927
 0.8582996  0.8582996  0.68016194 0.77732794 0.7611336  0.89068826
 0.77732794 0.69635628 0.82591093 0.74493927 0.89068826 0.72874494
 1.1659919  0.89068826 0.50202429 0.68016194 0.87449393 0.82591093
 0.77732794 0.56680162 0.90688259 0.79352227 0.90688259 1.05263158
 0.92307692 1.03643725 1.05263158 0.79352227 0.89068826 0.89068826
 0.92307692 0.68016194 0.77732794 0.8582996  0.95546559 0.90688259
 0.89068826 0.64777328 0.8582996  0.93927126 0.84210526 0.77732794]
root: INFO   Ambiguous mislabeled cases: 0.11336032388663968%
root: INFO   Clear mislabeled cases: 46.80161943319838%

root: INFO   Training dataset size N=14405
root: INFO   Validation dataset size N=6175
/home/scur1936/.conda/envs/alclean/lib/python3.10/site-packages/torchvision/models/_utils.py:208: UserWarning: The parameter 'pretrained' is deprecated since 0.13 and may be removed in the future, please use 'weights' instead.
  warnings.warn(
/home/scur1936/.conda/envs/alclean/lib/python3.10/site-packages/torchvision/models/_utils.py:223: UserWarning: Arguments other than a weight enum or `None` for 'weights' are deprecated since 0.13 and may be removed in the future. The current behavior is equivalent to passing `weights=None`.
  warnings.warn(msg)
root: INFO   Preparing dataset: IMAGENETDOGS (N=14405)
root: INFO   Class distribution (%) (true labels): [0.88858035 0.86775425 1.01353697 0.74973967 1.020479   0.84692815
 0.89552239 0.93023256 0.82610205 1.00659493 0.82610205 0.91634849
 0.9788268  0.81916001 0.82610205 0.75668171 0.81221798 0.95105866
 0.96494273 0.79139188 0.87469629 0.93717459 0.95105866 1.01353697
 0.81916001 0.87469629 0.96494273 0.83304408 0.74279764 0.78444984
 0.86081222 0.79139188 0.93023256 0.88858035 0.79139188 0.89552239
 0.85387018 0.79833391 0.95105866 1.02742103 0.95800069 0.88858035
 0.81916001 0.83304408 1.00659493 0.74973967 0.74279764 0.74973967
 0.79833391 0.88163832 0.91634849 0.87469629 0.81916001 0.90940646
 0.70808747 0.78444984 0.73585561 0.74279764 0.87469629 0.74973967
 0.76362374 0.77056578 0.83998612 0.68031933 0.72197154 0.75668171
 0.77750781 0.65949323 0.82610205 0.70808747 0.79833391 0.6525512
 0.76362374 0.65949323 0.68031933 0.74973967 0.7150295  0.6525512
 0.75668171 0.84692815 0.72891357 0.87469629 0.70808747 0.72891357
 0.72891357 0.80527595 0.75668171 0.91634849 0.94411663 0.83998612
 0.91634849 0.72197154 0.89552239 0.68726137 0.77750781 0.75668171
 0.83998612 0.72197154 0.91634849 0.92329052 0.75668171 1.0621312
 0.9788268  0.97188476 0.86081222 1.00659493 1.01353697 1.05518917
 0.9996529  0.97188476 0.78444984 0.76362374 0.79139188 0.66643527
 0.74973967 0.76362374 0.81916001 0.7150295  0.66643527 0.81916001]
root: INFO   Ambiguous mislabeled cases: 0.1318986463033669%
root: INFO   Clear mislabeled cases: 46.553280111072546%

root: INFO   Preparing dataset: IMAGENETDOGS (N=6175)
root: INFO   Class distribution (%) (true labels): [0.63157895 0.84210526 1.13360324 0.84210526 1.00404858 0.93927126
 1.2145749  0.98785425 0.8582996  1.05263158 0.92307692 1.03643725
 0.84210526 0.89068826 0.92307692 0.66396761 0.69635628 0.82591093
 0.89068826 0.98785425 0.92307692 0.82591093 0.74493927 1.08502024
 0.66396761 0.8582996  0.82591093 0.72874494 0.77732794 0.82591093
 0.90688259 0.87449393 0.71255061 0.8097166  0.71255061 0.98785425
 0.7611336  0.7611336  0.90688259 0.93927126 0.95546559 0.82591093
 0.87449393 0.89068826 1.03643725 0.84210526 0.8582996  0.61538462
 0.90688259 0.90688259 1.10121457 0.79352227 0.84210526 0.79352227
 0.74493927 0.74493927 0.82591093 0.84210526 0.68016194 0.72874494
 0.69635628 0.74493927 0.58299595 0.92307692 0.56680162 0.8582996
 0.7611336  0.89068826 0.63157895 0.68016194 0.71255061 0.90688259
 0.71255061 0.92307692 0.8097166  0.61538462 0.53441296 0.74493927
 0.8582996  0.8582996  0.68016194 0.77732794 0.7611336  0.89068826
 0.77732794 0.69635628 0.82591093 0.74493927 0.89068826 0.72874494
 1.1659919  0.89068826 0.50202429 0.68016194 0.87449393 0.82591093
 0.77732794 0.56680162 0.90688259 0.79352227 0.90688259 1.05263158
 0.92307692 1.03643725 1.05263158 0.79352227 0.89068826 0.89068826
 0.92307692 0.68016194 0.77732794 0.8582996  0.95546559 0.90688259
 0.89068826 0.64777328 0.8582996  0.93927126 0.84210526 0.77732794]
root: INFO   Ambiguous mislabeled cases: 0.11336032388663968%
root: INFO   Clear mislabeled cases: 46.80161943319838%

root: INFO   Training dataset size N=14405
root: INFO   Validation dataset size N=6175
root: INFO   No samples will be excluded in co-teaching for the first 25 epochs.
root: WARNING Num gradual 10 <= num warm up epochs. This argument will be ignored.
root: INFO   Loading model-0 from checkpoint:
 /gpfs/home6/scur1936/al-label-cleaning/logs/imagenetdogs_noise_20_scratch/co_teaching/seed_1/checkpoints/checkpoint_model_0_last_epoch.pt
root: INFO   Loading model-1 from checkpoint:
 /gpfs/home6/scur1936/al-label-cleaning/logs/imagenetdogs_noise_20_scratch/co_teaching/seed_1/checkpoints/checkpoint_model_1_last_epoch.pt
root: INFO   
                model  run_id      dataset  count   accuracy  top_n_accuracy  cross_entropy                                                                                                                                                                                                                                                                                                                                                                                                                                                                                                                                                                                                                                                                                                                                                                                       accuracy_per_class
0  resnet_co_teaching       0        clean   6175  33.230769       47.627530       0.726293  [16.667, 33.333, 52.273, 22.0, 37.736, 58.491, 45.0, 29.091, 41.509, 38.333, 9.615, 6.897, 36.0, 22.917, 26.316, 42.5, 34.091, 21.277, 44.444, 26.761, 21.818, 43.396, 37.736, 51.786, 17.073, 17.742, 34.722, 27.083, 45.652, 16.981, 44.0, 23.913, 33.962, 26.0, 18.367, 41.818, 16.327, 40.351, 33.333, 61.404, 32.143, 22.034, 31.579, 34.483, 50.909, 40.0, 19.512, 33.333, 30.909, 24.286, 34.545, 18.367, 29.268, 28.846, 28.889, 34.694, 28.571, 23.256, 33.333, 42.857, 43.59, 16.667, 38.462, 36.538, 27.273, 41.86, 40.0, 30.769, 10.87, 51.282, 34.146, 29.787, 49.057, 62.0, 36.842, 31.25, 19.565, 46.939, 28.261, 31.707, 15.686, 36.957, 10.638, 37.209, 30.435, 50.0, 38.596, 46.296, 30.0, 30.233, 45.902, 14.286, 36.842, 19.149, 15.556, 10.417, 38.095, 10.638, 28.889, 45.0, ...]
2  resnet_co_teaching       0  co-teaching   6175  26.315789       39.919028       0.823699       [11.905, 31.25, 34.091, 14.0, 32.075, 50.943, 37.5, 20.0, 41.509, 33.333, 11.538, 1.724, 20.0, 16.667, 19.298, 35.0, 36.364, 17.021, 40.0, 23.944, 27.273, 24.528, 32.075, 48.214, 14.634, 14.516, 26.389, 20.833, 39.13, 13.208, 42.0, 10.87, 28.302, 22.0, 12.245, 30.909, 12.245, 28.07, 31.579, 54.386, 19.643, 20.339, 24.561, 17.241, 47.273, 35.0, 17.073, 28.571, 25.455, 14.286, 29.091, 6.122, 12.195, 21.154, 28.889, 24.49, 22.449, 16.279, 27.451, 42.857, 35.897, 14.583, 30.769, 26.923, 15.909, 32.558, 38.0, 30.769, 13.043, 20.513, 24.39, 27.66, 37.736, 46.0, 24.561, 20.833, 10.87, 22.449, 15.217, 34.146, 11.765, 28.261, 4.255, 32.558, 19.565, 47.619, 33.333, 33.333, 40.0, 25.581, 39.344, 14.286, 28.947, 10.638, 11.111, 10.417, 28.571, 10.638, 31.111, 38.333, ...]
1  resnet_co_teaching       0        noisy   6175  21.781377       33.651822       1.052293                     [2.381, 22.917, 23.864, 12.0, 28.302, 50.943, 36.25, 12.727, 41.509, 20.0, 7.692, 1.724, 16.0, 10.417, 17.544, 35.0, 36.364, 10.638, 35.556, 22.535, 25.455, 24.528, 18.868, 25.0, 9.756, 8.065, 13.889, 4.167, 39.13, 13.208, 22.0, 4.348, 13.208, 12.0, 12.245, 20.0, 10.204, 8.772, 29.825, 54.386, 12.5, 15.254, 15.789, 15.517, 32.727, 35.0, 17.073, 28.571, 10.909, 7.143, 27.273, 6.122, 7.317, 13.462, 26.667, 22.449, 20.408, 16.279, 19.608, 36.735, 35.897, 14.583, 23.077, 26.923, 15.909, 30.233, 38.0, 30.769, 10.87, 17.949, 17.073, 27.66, 37.736, 46.0, 19.298, 12.5, 4.348, 14.286, 10.87, 24.39, 9.804, 21.739, 2.128, 18.605, 17.391, 42.857, 29.825, 31.481, 38.333, 25.581, 37.705, 14.286, 23.684, 8.511, 8.889, 10.417, 21.429, 8.511, 31.111, 38.333, ...]
root: INFO   
                model      dataset   accuracy       count     cross_entropy    
                                         mean std    mean std          mean std
0  resnet_co_teaching        clean  33.230769 NaN  6175.0 NaN      0.726293 NaN
1  resnet_co_teaching  co-teaching  26.315789 NaN  6175.0 NaN      0.823699 NaN
2  resnet_co_teaching        noisy  21.781377 NaN  6175.0 NaN      1.052293 NaN

JOB STATISTICS
==============
Job ID: 4791125
Cluster: snellius
User/Group: scur1936/scur1936
State: RUNNING
Nodes: 1
Cores per node: 18
CPU Utilized: 00:00:02
CPU Efficiency: 0.10% of 00:31:48 core-walltime
Job Wall-clock time: 00:01:46
Memory Utilized: 1.38 MB
Memory Efficiency: 0.00% of 120.00 GB
WARNING: Efficiency statistics may be misleading for RUNNING jobs.
